RUN_HEADER(run_id=seed_001_long32_RANDOM_3_82_TIMEOUT, seed_id=seed_001_long32, schedule_seed=82, policy=RANDOM, bound_k=3, fault_mode=TIMEOUT, n_cmds=32, submit_window=4, scheduler_version=v1.0, git_commit=f5066ceac2cd38a1d22cfaaa22b2fc8b1a31993c)
SUBMIT(cmd_id=0, cmd_type=WRITE)
SUBMIT(cmd_id=1, cmd_type=READ)
SUBMIT(cmd_id=2, cmd_type=FENCE)
FENCE(fence_id=0)
SUBMIT(cmd_id=3, cmd_type=WRITE)
COMPLETE(cmd_id=2, status=OK, out=0)
COMPLETE(cmd_id=3, status=OK, out=0)
COMPLETE(cmd_id=1, status=OK, out=0)
SUBMIT(cmd_id=4, cmd_type=WRITE)
SUBMIT(cmd_id=5, cmd_type=READ)
COMPLETE(cmd_id=5, status=OK, out=0)
COMPLETE(cmd_id=4, status=OK, out=0)
COMPLETE(cmd_id=0, status=OK, out=0)
SUBMIT(cmd_id=6, cmd_type=FENCE)
FENCE(fence_id=1)
SUBMIT(cmd_id=7, cmd_type=READ)
COMPLETE(cmd_id=7, status=OK, out=0)
COMPLETE(cmd_id=6, status=OK, out=0)
SUBMIT(cmd_id=8, cmd_type=WRITE)
COMPLETE(cmd_id=8, status=OK, out=0)
SUBMIT(cmd_id=9, cmd_type=READ)
COMPLETE(cmd_id=9, status=OK, out=0)
SUBMIT(cmd_id=10, cmd_type=FENCE)
FENCE(fence_id=2)
SUBMIT(cmd_id=11, cmd_type=WRITE)
COMPLETE(cmd_id=10, status=OK, out=0)
COMPLETE(cmd_id=11, status=OK, out=0)
SUBMIT(cmd_id=12, cmd_type=WRITE)
COMPLETE(cmd_id=12, status=OK, out=0)
SUBMIT(cmd_id=13, cmd_type=READ)
SUBMIT(cmd_id=14, cmd_type=FENCE)
FENCE(fence_id=3)
SUBMIT(cmd_id=15, cmd_type=READ)
COMPLETE(cmd_id=13, status=OK, out=0)
COMPLETE(cmd_id=15, status=OK, out=0)
COMPLETE(cmd_id=14, status=OK, out=0)
SUBMIT(cmd_id=16, cmd_type=WRITE)
SUBMIT(cmd_id=17, cmd_type=READ)
COMPLETE(cmd_id=16, status=TIMEOUT, out=0)
COMPLETE(cmd_id=17, status=OK, out=0)
RUN_END(pending_left=0, pending_peak=4)
