RUN_HEADER(run_id=seed_001_long32_ADVERSARIAL_10_48_NONE, seed_id=seed_001_long32, schedule_seed=48, policy=ADVERSARIAL, bound_k=10, fault_mode=NONE, n_cmds=32, submit_window=inf, scheduler_version=v1.0, git_commit=f5066ceac2cd38a1d22cfaaa22b2fc8b1a31993c)
SUBMIT(cmd_id=0, cmd_type=WRITE)
COMPLETE(cmd_id=0, status=OK, out=0)
SUBMIT(cmd_id=1, cmd_type=READ)
COMPLETE(cmd_id=1, status=OK, out=0)
SUBMIT(cmd_id=2, cmd_type=FENCE)
FENCE(fence_id=0)
SUBMIT(cmd_id=3, cmd_type=WRITE)
COMPLETE(cmd_id=3, status=OK, out=0)
COMPLETE(cmd_id=2, status=OK, out=0)
SUBMIT(cmd_id=4, cmd_type=WRITE)
SUBMIT(cmd_id=5, cmd_type=READ)
SUBMIT(cmd_id=6, cmd_type=FENCE)
FENCE(fence_id=1)
COMPLETE(cmd_id=6, status=OK, out=0)
SUBMIT(cmd_id=7, cmd_type=READ)
SUBMIT(cmd_id=8, cmd_type=WRITE)
COMPLETE(cmd_id=8, status=OK, out=0)
COMPLETE(cmd_id=7, status=OK, out=0)
SUBMIT(cmd_id=9, cmd_type=READ)
SUBMIT(cmd_id=10, cmd_type=FENCE)
FENCE(fence_id=2)
SUBMIT(cmd_id=11, cmd_type=WRITE)
COMPLETE(cmd_id=11, status=OK, out=0)
SUBMIT(cmd_id=12, cmd_type=WRITE)
COMPLETE(cmd_id=12, status=OK, out=0)
SUBMIT(cmd_id=13, cmd_type=READ)
SUBMIT(cmd_id=14, cmd_type=FENCE)
FENCE(fence_id=3)
SUBMIT(cmd_id=15, cmd_type=READ)
SUBMIT(cmd_id=16, cmd_type=WRITE)
COMPLETE(cmd_id=16, status=OK, out=0)
SUBMIT(cmd_id=17, cmd_type=READ)
COMPLETE(cmd_id=17, status=OK, out=0)
SUBMIT(cmd_id=18, cmd_type=FENCE)
FENCE(fence_id=4)
COMPLETE(cmd_id=18, status=OK, out=0)
COMPLETE(cmd_id=15, status=OK, out=0)
COMPLETE(cmd_id=14, status=OK, out=0)
SUBMIT(cmd_id=19, cmd_type=WRITE)
COMPLETE(cmd_id=19, status=OK, out=0)
COMPLETE(cmd_id=13, status=OK, out=0)
SUBMIT(cmd_id=20, cmd_type=WRITE)
SUBMIT(cmd_id=21, cmd_type=READ)
COMPLETE(cmd_id=21, status=OK, out=0)
COMPLETE(cmd_id=20, status=OK, out=0)
COMPLETE(cmd_id=10, status=OK, out=0)
SUBMIT(cmd_id=22, cmd_type=FENCE)
FENCE(fence_id=5)
COMPLETE(cmd_id=22, status=OK, out=0)
SUBMIT(cmd_id=23, cmd_type=READ)
COMPLETE(cmd_id=23, status=OK, out=0)
COMPLETE(cmd_id=9, status=OK, out=0)
COMPLETE(cmd_id=5, status=OK, out=0)
COMPLETE(cmd_id=4, status=OK, out=0)
SUBMIT(cmd_id=24, cmd_type=WRITE)
SUBMIT(cmd_id=25, cmd_type=READ)
SUBMIT(cmd_id=26, cmd_type=FENCE)
FENCE(fence_id=6)
COMPLETE(cmd_id=26, status=OK, out=0)
COMPLETE(cmd_id=25, status=OK, out=0)
COMPLETE(cmd_id=24, status=OK, out=0)
SUBMIT(cmd_id=27, cmd_type=WRITE)
SUBMIT(cmd_id=28, cmd_type=WRITE)
SUBMIT(cmd_id=29, cmd_type=READ)
SUBMIT(cmd_id=30, cmd_type=FENCE)
FENCE(fence_id=7)
SUBMIT(cmd_id=31, cmd_type=READ)
COMPLETE(cmd_id=31, status=OK, out=0)
COMPLETE(cmd_id=30, status=OK, out=0)
COMPLETE(cmd_id=29, status=OK, out=0)
COMPLETE(cmd_id=28, status=OK, out=0)
COMPLETE(cmd_id=27, status=OK, out=0)
RUN_END(pending_left=0, pending_peak=8)
